#
# An unexpected error has been detected by Java Runtime Environment:
#
#  EXCEPTION_ACCESS_VIOLATION (0xc0000005) at pc=0x715d8b7a, pid=2324, tid=2860
#
# Java VM: Java HotSpot(TM) Client VM (1.6.0_01-b06 mixed mode, sharing)
# Problematic frame:
# C  [OPENGL32.dll+0x68b7a]
#
# If you would like to submit a bug report, please visit:
#   http://java.sun.com/webapps/bugreport/crash.jsp
#

---------------  T H R E A D  ---------------

Current thread (0x02082000):  JavaThread "AWT-EventQueue-0" [_thread_in_native, id=2860]

siginfo: ExceptionCode=0xc0000005, reading address 0x00000000

Registers:
EAX=0x0000a00a, EBX=0x00000000, ECX=0x00000037, EDX=0x0504f214
ESP=0x0504f138, EBP=0x0504f1a8, ESI=0x0504f214, EDI=0x0052f898
EIP=0x715d8b7a, EFLAGS=0x00010206

Top of Stack: (sp=0x0504f138)
0x0504f138:   00000094 0504f2b4 0504f214 0504f260
0x0504f148:   0000a042 40000000 021401a5 6d92fc4d
0x0504f158:   0504f320 437f0000 0504f200 6d92f9c6
0x0504f168:   047dc278 00000000 ffffffff 0000a03b
0x0504f178:   00000001 71602c2b 005491a8 00548da8
0x0504f188:   005489a8 0000a00a 0000027f 00000e7f
0x0504f198:   0000a041 0000a042 0000a00a 00000036
0x0504f1a8:   0504f1e0 715db675 00000000 00000000 

Instructions: (pc=0x715d8b7a)
0x715d8b6a:   64 ff 4d fc 8b 5d 08 89 45 a0 8b 45 e4 89 45 f8
0x715d8b7a:   0f b6 03 8b 4d e0 43 8d 55 9c d9 04 81 0f b6 03 


Stack: [0x05000000,0x05050000),  sp=0x0504f138,  free space=316k
Native frames: (J=compiled Java code, j=interpreted, Vv=VM code, C=native code)
C  [OPENGL32.dll+0x68b7a]
C  [OPENGL32.dll+0x6b675]
C  [OPENGL32.dll+0x6c020]
C  [OPENGL32.dll+0x6e6b0]
C  [OPENGL32.dll+0x9b858]
C  [OPENGL32.dll+0x9a8f5]
C  [OPENGL32.dll+0x3c634]
C  [OPENGL32.dll+0x3a6c8]
C  [OPENGL32.dll+0x37ddb]
C  [jogl.dll+0x4204]
j  com.sun.opengl.impl.GLImpl.glDrawPixels0(IIIILjava/lang/Object;I)V+0
j  com.sun.opengl.impl.GLImpl.glDrawPixels(IIIILjava/nio/Buffer;)V+44
j  src.modulo8.complementos.JOGL2DBasics.drawImage(Ljavax/media/opengl/GL;)V+124
j  src.modulo8.complementos.JOGL2DBasics.display(Ljavax/media/opengl/GLAutoDrawable;)V+96
j  com.sun.opengl.impl.GLDrawableHelper.display(Ljavax/media/opengl/GLAutoDrawable;)V+29
j  javax.media.opengl.GLCanvas$DisplayAction.run()V+80
j  com.sun.opengl.impl.GLDrawableHelper.invokeGL(Ljavax/media/opengl/GLDrawable;Ljavax/media/opengl/GLContext;Ljava/lang/Runnable;Ljava/lang/Runnable;)V+418
j  javax.media.opengl.GLCanvas.maybeDoSingleThreadedWorkaround(Ljava/lang/Runnable;Ljava/lang/Runnable;)V+36
j  javax.media.opengl.GLCanvas.display()V+9
j  javax.media.opengl.GLCanvas.paint(Ljava/awt/Graphics;)V+125
j  sun.awt.RepaintArea.paintComponent(Ljava/awt/Component;Ljava/awt/Graphics;)V+6
j  sun.awt.RepaintArea.paint(Ljava/lang/Object;Z)V+326
j  sun.awt.windows.WComponentPeer.handleEvent(Ljava/awt/AWTEvent;)V+107
j  java.awt.Component.dispatchEventImpl(Ljava/awt/AWTEvent;)V+849
j  java.awt.Component.dispatchEvent(Ljava/awt/AWTEvent;)V+2
j  java.awt.EventQueue.dispatchEvent(Ljava/awt/AWTEvent;)V+46
j  java.awt.EventDispatchThread.pumpOneEventForFilters(I)Z+156
j  java.awt.EventDispatchThread.pumpEventsForFilter(ILjava/awt/Conditional;Ljava/awt/EventFilter;)V+30
j  java.awt.EventDispatchThread.pumpEventsForHierarchy(ILjava/awt/Conditional;Ljava/awt/Component;)V+11
j  java.awt.EventDispatchThread.pumpEvents(ILjava/awt/Conditional;)V+4
j  java.awt.EventDispatchThread.pumpEvents(Ljava/awt/Conditional;)V+3
j  java.awt.EventDispatchThread.run()V+9
v  ~StubRoutines::call_stub

Java frames: (J=compiled Java code, j=interpreted, Vv=VM code)
j  com.sun.opengl.impl.GLImpl.glDrawPixels0(IIIILjava/lang/Object;I)V+0
j  com.sun.opengl.impl.GLImpl.glDrawPixels(IIIILjava/nio/Buffer;)V+44
j  src.modulo8.complementos.JOGL2DBasics.drawImage(Ljavax/media/opengl/GL;)V+124
j  src.modulo8.complementos.JOGL2DBasics.display(Ljavax/media/opengl/GLAutoDrawable;)V+96
j  com.sun.opengl.impl.GLDrawableHelper.display(Ljavax/media/opengl/GLAutoDrawable;)V+29
j  javax.media.opengl.GLCanvas$DisplayAction.run()V+80
j  com.sun.opengl.impl.GLDrawableHelper.invokeGL(Ljavax/media/opengl/GLDrawable;Ljavax/media/opengl/GLContext;Ljava/lang/Runnable;Ljava/lang/Runnable;)V+418
j  javax.media.opengl.GLCanvas.maybeDoSingleThreadedWorkaround(Ljava/lang/Runnable;Ljava/lang/Runnable;)V+36
j  javax.media.opengl.GLCanvas.display()V+9
j  javax.media.opengl.GLCanvas.paint(Ljava/awt/Graphics;)V+125
j  sun.awt.RepaintArea.paintComponent(Ljava/awt/Component;Ljava/awt/Graphics;)V+6
j  sun.awt.RepaintArea.paint(Ljava/lang/Object;Z)V+326
j  sun.awt.windows.WComponentPeer.handleEvent(Ljava/awt/AWTEvent;)V+107
j  java.awt.Component.dispatchEventImpl(Ljava/awt/AWTEvent;)V+849
j  java.awt.Component.dispatchEvent(Ljava/awt/AWTEvent;)V+2
j  java.awt.EventQueue.dispatchEvent(Ljava/awt/AWTEvent;)V+46
j  java.awt.EventDispatchThread.pumpOneEventForFilters(I)Z+156
j  java.awt.EventDispatchThread.pumpEventsForFilter(ILjava/awt/Conditional;Ljava/awt/EventFilter;)V+30
j  java.awt.EventDispatchThread.pumpEventsForHierarchy(ILjava/awt/Conditional;Ljava/awt/Component;)V+11
j  java.awt.EventDispatchThread.pumpEvents(ILjava/awt/Conditional;)V+4
j  java.awt.EventDispatchThread.pumpEvents(Ljava/awt/Conditional;)V+3
j  java.awt.EventDispatchThread.run()V+9
v  ~StubRoutines::call_stub

---------------  P R O C E S S  ---------------

Java Threads: ( => current thread )
  0x04d0d400 JavaThread "Image Fetcher 0" daemon [_thread_blocked, id=3412]
  0x00aa7000 JavaThread "DestroyJavaVM" [_thread_blocked, id=3204]
=>0x02082000 JavaThread "AWT-EventQueue-0" [_thread_in_native, id=2860]
  0x047c3000 JavaThread "AWT-Windows" daemon [_thread_in_native, id=712]
  0x047c2800 JavaThread "AWT-Shutdown" [_thread_blocked, id=192]
  0x047e6400 JavaThread "Java2D Disposer" daemon [_thread_blocked, id=2592]
  0x0208b400 JavaThread "Low Memory Detector" daemon [_thread_blocked, id=2864]
  0x02086000 JavaThread "CompilerThread0" daemon [_thread_blocked, id=2288]
  0x02085800 JavaThread "Attach Listener" daemon [_thread_blocked, id=3644]
  0x02085000 JavaThread "Signal Dispatcher" daemon [_thread_blocked, id=4004]
  0x0207c400 JavaThread "Finalizer" daemon [_thread_blocked, id=896]
  0x02073800 JavaThread "Reference Handler" daemon [_thread_blocked, id=2292]

Other Threads:
  0x0206a400 VMThread [id=2964]
  0x0208c400 WatcherThread [id=3392]

VM state:not at safepoint (normal execution)

VM Mutex/Monitor currently owned by a thread: None

Heap
 def new generation   total 960K, used 917K [0x24350000, 0x24450000, 0x24830000)
  eden space 896K,  95% used [0x24350000, 0x244255b0, 0x24430000)
  from space 64K, 100% used [0x24440000, 0x24450000, 0x24450000)
  to   space 64K,   0% used [0x24430000, 0x24430000, 0x24440000)
 tenured generation   total 4096K, used 1128K [0x24830000, 0x24c30000, 0x28350000)
   the space 4096K,  27% used [0x24830000, 0x2494a278, 0x2494a400, 0x24c30000)
 compacting perm gen  total 12288K, used 3058K [0x28350000, 0x28f50000, 0x2c350000)
   the space 12288K,  24% used [0x28350000, 0x2864c920, 0x2864ca00, 0x28f50000)
    ro space 8192K,  66% used [0x2c350000, 0x2c89c5d0, 0x2c89c600, 0x2cb50000)
    rw space 12288K,  52% used [0x2cb50000, 0x2d198c98, 0x2d198e00, 0x2d750000)

Dynamic libraries:
0x00400000 - 0x00423000 	C:\Program Files (x86)\Java\jdk1.6.0_01\jre\bin\java.exe
0x77730000 - 0x778b0000 	C:\Windows\SysWOW64\ntdll.dll
0x75d10000 - 0x75e10000 	C:\Windows\syswow64\kernel32.dll
0x76fc0000 - 0x77004000 	C:\Windows\syswow64\KERNELBASE.dll
0x76010000 - 0x760b0000 	C:\Windows\syswow64\ADVAPI32.dll
0x75450000 - 0x754fc000 	C:\Windows\syswow64\msvcrt.dll
0x77310000 - 0x77329000 	C:\Windows\SysWOW64\sechost.dll
0x757c0000 - 0x758b0000 	C:\Windows\syswow64\RPCRT4.dll
0x752a0000 - 0x75300000 	C:\Windows\syswow64\SspiCli.dll
0x75290000 - 0x7529c000 	C:\Windows\syswow64\CRYPTBASE.dll
0x7c340000 - 0x7c396000 	C:\Program Files (x86)\Java\jdk1.6.0_01\jre\bin\msvcr71.dll
0x6d870000 - 0x6dab7000 	C:\Program Files (x86)\Java\jdk1.6.0_01\jre\bin\client\jvm.dll
0x75a50000 - 0x75b50000 	C:\Windows\syswow64\USER32.dll
0x76150000 - 0x761e0000 	C:\Windows\syswow64\GDI32.dll
0x75440000 - 0x7544a000 	C:\Windows\syswow64\LPK.dll
0x760b0000 - 0x7614d000 	C:\Windows\syswow64\USP10.dll
0x744a0000 - 0x744d2000 	C:\Windows\system32\WINMM.dll
0x75e10000 - 0x75e70000 	C:\Windows\system32\IMM32.DLL
0x75e90000 - 0x75f5c000 	C:\Windows\syswow64\MSCTF.dll
0x74520000 - 0x7456b000 	C:\Windows\system32\apphelp.dll
0x6d3c0000 - 0x6d3c8000 	C:\Program Files (x86)\Java\jdk1.6.0_01\jre\bin\hpi.dll
0x753f0000 - 0x753f5000 	C:\Windows\syswow64\PSAPI.DLL
0x6d820000 - 0x6d82c000 	C:\Program Files (x86)\Java\jdk1.6.0_01\jre\bin\verify.dll
0x6d460000 - 0x6d47f000 	C:\Program Files (x86)\Java\jdk1.6.0_01\jre\bin\java.dll
0x6d860000 - 0x6d86f000 	C:\Program Files (x86)\Java\jdk1.6.0_01\jre\bin\zip.dll
0x6d0b0000 - 0x6d273000 	C:\Program Files (x86)\Java\jdk1.6.0_01\jre\bin\awt.dll
0x74250000 - 0x742a1000 	C:\Windows\system32\WINSPOOL.DRV
0x77010000 - 0x7716b000 	C:\Windows\syswow64\ole32.dll
0x73800000 - 0x73880000 	C:\Windows\system32\uxtheme.dll
0x6d360000 - 0x6d3b3000 	C:\Program Files (x86)\Java\jdk1.6.0_01\jre\bin\fontmanager.dll
0x732a0000 - 0x732b3000 	C:\Windows\system32\dwmapi.dll
0x10000000 - 0x1004d000 	C:\Users\Rique\.netbeans\6.5\jogl-runtime\jogl.jar-natives-windows-i586\jogl.dll
0x71570000 - 0x71638000 	C:\Windows\system32\OPENGL32.dll
0x72870000 - 0x72892000 	C:\Windows\system32\GLU32.dll
0x71480000 - 0x71567000 	C:\Windows\system32\DDRAW.dll
0x728c0000 - 0x728c6000 	C:\Windows\system32\DCIMAN32.dll
0x758b0000 - 0x75a4d000 	C:\Windows\syswow64\SETUPAPI.dll
0x75360000 - 0x75387000 	C:\Windows\syswow64\CFGMGR32.dll
0x75f80000 - 0x7600f000 	C:\Windows\syswow64\OLEAUT32.dll
0x75f60000 - 0x75f72000 	C:\Windows\syswow64\DEVOBJ.dll
0x6d490000 - 0x6d496000 	C:\Program Files (x86)\Java\jdk1.6.0_01\jre\bin\jawt.dll
0x05680000 - 0x05685000 	C:\Users\Rique\.netbeans\6.5\jogl-runtime\jogl.jar-natives-windows-i586\jogl_awt.dll

VM Arguments:
jvm_args: -Djava.library.path=C:\Users\Rique\.netbeans\6.5\jogl-runtime\jogl.jar-natives-windows-i586;C:\Users\Rique\.netbeans\6.5\gluegen-runtime\gluegen-rt.jar-natives-windows-i586
java_command: src.modulo8.complementos.JOGL2DBasics
Launcher Type: SUN_STANDARD

Environment Variables:
PATH=C:\Program Files (x86)\CollabNet Subversion Client;C:\Program Files (x86)\MiKTeX 2.7\miktex\bin;C:\Windows\system32;C:\Windows;C:\Windows\System32\Wbem;C:\Windows\System32\WindowsPowerShell\v1.0\
USERNAME=Rique
OS=Windows_NT
PROCESSOR_IDENTIFIER=Intel64 Family 6 Model 23 Stepping 10, GenuineIntel



---------------  S Y S T E M  ---------------

OS: Windows NT 6.1 Build 7100 

CPU:total 2 family 6, cmov, cx8, fxsr, mmx, sse, sse2

Memory: 4k page, physical 3529976k(2089648k free), swap 4194303k(4194303k free)

vm_info: Java HotSpot(TM) Client VM (1.6.0_01-b06) for windows-x86, built on Mar 14 2007 00:24:02 by "java_re" with unknown MS VC++:1310

