#
# An unexpected error has been detected by Java Runtime Environment:
#
#  EXCEPTION_ACCESS_VIOLATION (0xc0000005) at pc=0x715d8b7a, pid=2948, tid=2792
#
# Java VM: Java HotSpot(TM) Client VM (1.6.0_01-b06 mixed mode, sharing)
# Problematic frame:
# C  [OPENGL32.dll+0x68b7a]
#
# If you would like to submit a bug report, please visit:
#   http://java.sun.com/webapps/bugreport/crash.jsp
#

---------------  T H R E A D  ---------------

Current thread (0x05349c00):  JavaThread "AWT-EventQueue-0" [_thread_in_native, id=2792]

siginfo: ExceptionCode=0xc0000005, reading address 0x00000000

Registers:
EAX=0x0000a188, EBX=0x00000000, ECX=0x00000119, EDX=0x0558f254
ESP=0x0558f178, EBP=0x0558f1e8, ESI=0x0558f254, EDI=0x002d27f0
EIP=0x715d8b7a, EFLAGS=0x00010206

Top of Stack: (sp=0x0558f178)
0x0558f178:   00000510 0558f2f4 0558f254 0558f2a0
0x0558f188:   0000a118 40000000 021201a5 6d92fc4d
0x0558f198:   0558f360 437f0000 0558f200 6d92f9c6
0x0558f1a8:   047ff408 00000000 ffffffff 0000a310
0x0558f1b8:   00000001 71602c2b 002ebd00 002eb900
0x0558f1c8:   002eb500 0000a188 0000027f 00000e7f
0x0558f1d8:   0000a117 0000a118 0000a188 00000118
0x0558f1e8:   0558f220 715db675 00000000 00000000 

Instructions: (pc=0x715d8b7a)
0x715d8b6a:   64 ff 4d fc 8b 5d 08 89 45 a0 8b 45 e4 89 45 f8
0x715d8b7a:   0f b6 03 8b 4d e0 43 8d 55 9c d9 04 81 0f b6 03 


Stack: [0x05540000,0x05590000),  sp=0x0558f178,  free space=316k
Native frames: (J=compiled Java code, j=interpreted, Vv=VM code, C=native code)
C  [OPENGL32.dll+0x68b7a]
C  [OPENGL32.dll+0x6b675]
C  [OPENGL32.dll+0x6c020]
C  [OPENGL32.dll+0x6e6b0]
C  [OPENGL32.dll+0x9b858]
C  [OPENGL32.dll+0x9a8f5]
C  [OPENGL32.dll+0x3c634]
C  [OPENGL32.dll+0x3a6c8]
C  [OPENGL32.dll+0x37ddb]
C  [jogl.dll+0x4204]
j  com.sun.opengl.impl.GLImpl.glDrawPixels0(IIIILjava/lang/Object;I)V+0
j  com.sun.opengl.impl.GLImpl.glDrawPixels(IIIILjava/nio/Buffer;)V+44
j  src.modulo8.exemplos.Renderer.display(Ljavax/media/opengl/GLAutoDrawable;)V+81
j  com.sun.opengl.impl.GLDrawableHelper.display(Ljavax/media/opengl/GLAutoDrawable;)V+29
j  javax.media.opengl.GLCanvas$DisplayAction.run()V+80
j  com.sun.opengl.impl.GLDrawableHelper.invokeGL(Ljavax/media/opengl/GLDrawable;Ljavax/media/opengl/GLContext;Ljava/lang/Runnable;Ljava/lang/Runnable;)V+418
j  javax.media.opengl.GLCanvas.maybeDoSingleThreadedWorkaround(Ljava/lang/Runnable;Ljava/lang/Runnable;)V+36
j  javax.media.opengl.GLCanvas.display()V+9
j  javax.media.opengl.GLCanvas.paint(Ljava/awt/Graphics;)V+125
j  sun.awt.RepaintArea.paintComponent(Ljava/awt/Component;Ljava/awt/Graphics;)V+6
j  sun.awt.RepaintArea.paint(Ljava/lang/Object;Z)V+326
j  sun.awt.windows.WComponentPeer.handleEvent(Ljava/awt/AWTEvent;)V+107
j  java.awt.Component.dispatchEventImpl(Ljava/awt/AWTEvent;)V+849
j  java.awt.Component.dispatchEvent(Ljava/awt/AWTEvent;)V+2
j  java.awt.EventQueue.dispatchEvent(Ljava/awt/AWTEvent;)V+46
j  java.awt.EventDispatchThread.pumpOneEventForFilters(I)Z+156
j  java.awt.EventDispatchThread.pumpEventsForFilter(ILjava/awt/Conditional;Ljava/awt/EventFilter;)V+30
j  java.awt.EventDispatchThread.pumpEventsForHierarchy(ILjava/awt/Conditional;Ljava/awt/Component;)V+11
j  java.awt.EventDispatchThread.pumpEvents(ILjava/awt/Conditional;)V+4
j  java.awt.EventDispatchThread.pumpEvents(Ljava/awt/Conditional;)V+3
j  java.awt.EventDispatchThread.run()V+9
v  ~StubRoutines::call_stub

Java frames: (J=compiled Java code, j=interpreted, Vv=VM code)
j  com.sun.opengl.impl.GLImpl.glDrawPixels0(IIIILjava/lang/Object;I)V+0
j  com.sun.opengl.impl.GLImpl.glDrawPixels(IIIILjava/nio/Buffer;)V+44
j  src.modulo8.exemplos.Renderer.display(Ljavax/media/opengl/GLAutoDrawable;)V+81
j  com.sun.opengl.impl.GLDrawableHelper.display(Ljavax/media/opengl/GLAutoDrawable;)V+29
j  javax.media.opengl.GLCanvas$DisplayAction.run()V+80
j  com.sun.opengl.impl.GLDrawableHelper.invokeGL(Ljavax/media/opengl/GLDrawable;Ljavax/media/opengl/GLContext;Ljava/lang/Runnable;Ljava/lang/Runnable;)V+418
j  javax.media.opengl.GLCanvas.maybeDoSingleThreadedWorkaround(Ljava/lang/Runnable;Ljava/lang/Runnable;)V+36
j  javax.media.opengl.GLCanvas.display()V+9
j  javax.media.opengl.GLCanvas.paint(Ljava/awt/Graphics;)V+125
j  sun.awt.RepaintArea.paintComponent(Ljava/awt/Component;Ljava/awt/Graphics;)V+6
j  sun.awt.RepaintArea.paint(Ljava/lang/Object;Z)V+326
j  sun.awt.windows.WComponentPeer.handleEvent(Ljava/awt/AWTEvent;)V+107
j  java.awt.Component.dispatchEventImpl(Ljava/awt/AWTEvent;)V+849
j  java.awt.Component.dispatchEvent(Ljava/awt/AWTEvent;)V+2
j  java.awt.EventQueue.dispatchEvent(Ljava/awt/AWTEvent;)V+46
j  java.awt.EventDispatchThread.pumpOneEventForFilters(I)Z+156
j  java.awt.EventDispatchThread.pumpEventsForFilter(ILjava/awt/Conditional;Ljava/awt/EventFilter;)V+30
j  java.awt.EventDispatchThread.pumpEventsForHierarchy(ILjava/awt/Conditional;Ljava/awt/Component;)V+11
j  java.awt.EventDispatchThread.pumpEvents(ILjava/awt/Conditional;)V+4
j  java.awt.EventDispatchThread.pumpEvents(Ljava/awt/Conditional;)V+3
j  java.awt.EventDispatchThread.run()V+9
v  ~StubRoutines::call_stub

---------------  P R O C E S S  ---------------

Java Threads: ( => current thread )
  0x047ec400 JavaThread "Image Fetcher 0" daemon [_thread_blocked, id=2196]
  0x00577000 JavaThread "DestroyJavaVM" [_thread_blocked, id=2864]
=>0x05349c00 JavaThread "AWT-EventQueue-0" [_thread_in_native, id=2792]
  0x047d7800 JavaThread "AWT-Windows" daemon [_thread_in_native, id=3560]
  0x047d7000 JavaThread "AWT-Shutdown" [_thread_blocked, id=3488]
  0x047c0000 JavaThread "Java2D Disposer" daemon [_thread_blocked, id=4012]
  0x0206b400 JavaThread "Low Memory Detector" daemon [_thread_blocked, id=3120]
  0x02066000 JavaThread "CompilerThread0" daemon [_thread_blocked, id=3204]
  0x02065800 JavaThread "Attach Listener" daemon [_thread_blocked, id=1092]
  0x02065000 JavaThread "Signal Dispatcher" daemon [_thread_blocked, id=3160]
  0x0205f800 JavaThread "Finalizer" daemon [_thread_blocked, id=3648]
  0x02053800 JavaThread "Reference Handler" daemon [_thread_blocked, id=3848]

Other Threads:
  0x0204a400 VMThread [id=3296]
  0x0206c400 WatcherThread [id=2456]

VM state:not at safepoint (normal execution)

VM Mutex/Monitor currently owned by a thread: None

Heap
 def new generation   total 960K, used 720K [0x24350000, 0x24450000, 0x24830000)
  eden space 896K,  79% used [0x24350000, 0x24401bd0, 0x24430000)
  from space 64K,  14% used [0x24440000, 0x24442548, 0x24450000)
  to   space 64K,   0% used [0x24430000, 0x24430000, 0x24440000)
 tenured generation   total 4096K, used 3314K [0x24830000, 0x24c30000, 0x28350000)
   the space 4096K,  80% used [0x24830000, 0x24b6c868, 0x24b6ca00, 0x24c30000)
 compacting perm gen  total 12288K, used 3444K [0x28350000, 0x28f50000, 0x2c350000)
   the space 12288K,  28% used [0x28350000, 0x286ad028, 0x286ad200, 0x28f50000)
    ro space 8192K,  66% used [0x2c350000, 0x2c89c5d0, 0x2c89c600, 0x2cb50000)
    rw space 12288K,  52% used [0x2cb50000, 0x2d198c98, 0x2d198e00, 0x2d750000)

Dynamic libraries:
0x00400000 - 0x00423000 	C:\Program Files (x86)\Java\jdk1.6.0_01\jre\bin\java.exe
0x77730000 - 0x778b0000 	C:\Windows\SysWOW64\ntdll.dll
0x75d10000 - 0x75e10000 	C:\Windows\syswow64\kernel32.dll
0x76fc0000 - 0x77004000 	C:\Windows\syswow64\KERNELBASE.dll
0x76010000 - 0x760b0000 	C:\Windows\syswow64\ADVAPI32.dll
0x75450000 - 0x754fc000 	C:\Windows\syswow64\msvcrt.dll
0x77310000 - 0x77329000 	C:\Windows\SysWOW64\sechost.dll
0x757c0000 - 0x758b0000 	C:\Windows\syswow64\RPCRT4.dll
0x752a0000 - 0x75300000 	C:\Windows\syswow64\SspiCli.dll
0x75290000 - 0x7529c000 	C:\Windows\syswow64\CRYPTBASE.dll
0x7c340000 - 0x7c396000 	C:\Program Files (x86)\Java\jdk1.6.0_01\jre\bin\msvcr71.dll
0x6d870000 - 0x6dab7000 	C:\Program Files (x86)\Java\jdk1.6.0_01\jre\bin\client\jvm.dll
0x75a50000 - 0x75b50000 	C:\Windows\syswow64\USER32.dll
0x76150000 - 0x761e0000 	C:\Windows\syswow64\GDI32.dll
0x75440000 - 0x7544a000 	C:\Windows\syswow64\LPK.dll
0x760b0000 - 0x7614d000 	C:\Windows\syswow64\USP10.dll
0x744a0000 - 0x744d2000 	C:\Windows\system32\WINMM.dll
0x75e10000 - 0x75e70000 	C:\Windows\system32\IMM32.DLL
0x75e90000 - 0x75f5c000 	C:\Windows\syswow64\MSCTF.dll
0x74520000 - 0x7456b000 	C:\Windows\system32\apphelp.dll
0x6d3c0000 - 0x6d3c8000 	C:\Program Files (x86)\Java\jdk1.6.0_01\jre\bin\hpi.dll
0x753f0000 - 0x753f5000 	C:\Windows\syswow64\PSAPI.DLL
0x6d820000 - 0x6d82c000 	C:\Program Files (x86)\Java\jdk1.6.0_01\jre\bin\verify.dll
0x6d460000 - 0x6d47f000 	C:\Program Files (x86)\Java\jdk1.6.0_01\jre\bin\java.dll
0x6d860000 - 0x6d86f000 	C:\Program Files (x86)\Java\jdk1.6.0_01\jre\bin\zip.dll
0x6d0b0000 - 0x6d273000 	C:\Program Files (x86)\Java\jdk1.6.0_01\jre\bin\awt.dll
0x74250000 - 0x742a1000 	C:\Windows\system32\WINSPOOL.DRV
0x77010000 - 0x7716b000 	C:\Windows\syswow64\ole32.dll
0x73800000 - 0x73880000 	C:\Windows\system32\uxtheme.dll
0x6d360000 - 0x6d3b3000 	C:\Program Files (x86)\Java\jdk1.6.0_01\jre\bin\fontmanager.dll
0x732a0000 - 0x732b3000 	C:\Windows\system32\dwmapi.dll
0x76270000 - 0x76eb6000 	C:\Windows\syswow64\shell32.dll
0x75300000 - 0x75357000 	C:\Windows\syswow64\SHLWAPI.dll
0x10000000 - 0x1004d000 	C:\Users\Rique\.netbeans\6.5\jogl-runtime\jogl.jar-natives-windows-i586\jogl.dll
0x71570000 - 0x71638000 	C:\Windows\system32\OPENGL32.dll
0x72870000 - 0x72892000 	C:\Windows\system32\GLU32.dll
0x71480000 - 0x71567000 	C:\Windows\system32\DDRAW.dll
0x728c0000 - 0x728c6000 	C:\Windows\system32\DCIMAN32.dll
0x758b0000 - 0x75a4d000 	C:\Windows\syswow64\SETUPAPI.dll
0x75360000 - 0x75387000 	C:\Windows\syswow64\CFGMGR32.dll
0x75f80000 - 0x7600f000 	C:\Windows\syswow64\OLEAUT32.dll
0x75f60000 - 0x75f72000 	C:\Windows\syswow64\DEVOBJ.dll
0x6d490000 - 0x6d496000 	C:\Program Files (x86)\Java\jdk1.6.0_01\jre\bin\jawt.dll
0x048f0000 - 0x048f5000 	C:\Users\Rique\.netbeans\6.5\jogl-runtime\jogl.jar-natives-windows-i586\jogl_awt.dll
0x6d2a0000 - 0x6d2cf000 	C:\Program Files (x86)\Java\jdk1.6.0_01\jre\bin\cmm.dll
0x6d500000 - 0x6d524000 	C:\Program Files (x86)\Java\jdk1.6.0_01\jre\bin\jpeg.dll

VM Arguments:
jvm_args: -Djava.library.path=C:\Users\Rique\.netbeans\6.5\jogl-runtime\jogl.jar-natives-windows-i586;C:\Users\Rique\.netbeans\6.5\gluegen-runtime\gluegen-rt.jar-natives-windows-i586
java_command: src.modulo8.exemplos.Main
Launcher Type: SUN_STANDARD

Environment Variables:
PATH=C:\Program Files (x86)\CollabNet Subversion Client;C:\Program Files (x86)\MiKTeX 2.7\miktex\bin;C:\Windows\system32;C:\Windows;C:\Windows\System32\Wbem;C:\Windows\System32\WindowsPowerShell\v1.0\
USERNAME=Rique
OS=Windows_NT
PROCESSOR_IDENTIFIER=Intel64 Family 6 Model 23 Stepping 10, GenuineIntel



---------------  S Y S T E M  ---------------

OS: Windows NT 6.1 Build 7100 

CPU:total 2 family 6, cmov, cx8, fxsr, mmx, sse, sse2

Memory: 4k page, physical 3529976k(2172488k free), swap 4194303k(4194303k free)

vm_info: Java HotSpot(TM) Client VM (1.6.0_01-b06) for windows-x86, built on Mar 14 2007 00:24:02 by "java_re" with unknown MS VC++:1310

